# JRE version: OpenJDK Runtime Environment Temurin-21.0.10+7 (21.0.10+7) (build 21.0.10+7-LTS)
# Java VM: OpenJDK 64-Bit Server VM Temurin-21.0.10+7 (21.0.10+7-LTS, mixed mode, sharing, tiered, compressed oops, compressed class ptrs, g1 gc, windows-amd64)
GC Precious Log:
 CardTable entry size: 512
 Card Set container configuration: InlinePtr #cards 5 size 8 Array Of Cards #cards 12 size 40 Howl #buckets 4 coarsen threshold 1843 Howl Bitmap #cards 512 size 80 coarsen threshold 460 Card regions per heap region 1 cards per card region 2048
 CPUs: 12 total, 12 available
 Memory: 7877M
 Large Page Support: Disabled
 NUMA Support: Disabled
 Compressed Oops: Enabled (32-bit)
 Heap Region Size: 1M
 Heap Min Capacity: 8M
 Heap Initial Capacity: 124M
 Heap Max Capacity: 2G
 Pre-touch: Disabled
 Parallel Workers: 10
 Concurrent Workers: 3
 Concurrent Refinement Workers: 10
 Periodic GC: Disabled
Heap:
 garbage-first heap   total 141312K, used 89357K [0x0000000080000000, 0x0000000100000000)
  region size 1024K, 7 young (7168K), 4 survivors (4096K)
 Metaspace       used 92224K, committed 94080K, reserved 557056K
  class space    used 12418K, committed 13312K, reserved 425984K
GC Heap History (20 events):
Event: 15.594 GC heap before
{Heap before GC invocations=13 (full 0):
 garbage-first heap   total 114688K, used 108021K [0x0000000080000000, 0x0000000100000000)
  region size 1024K, 67 young (68608K), 6 survivors (6144K)
 Metaspace       used 45076K, committed 46400K, reserved 491520K
  class space    used 6467K, committed 7104K, reserved 425984K
}
Event: 15.601 GC heap after
{Heap after GC invocations=14 (full 0):
 garbage-first heap   total 120832K, used 46809K [0x0000000080000000, 0x0000000100000000)
  region size 1024K, 9 young (9216K), 9 survivors (9216K)
 Metaspace       used 45076K, committed 46400K, reserved 491520K
  class space    used 6467K, committed 7104K, reserved 425984K
}
Event: 16.535 GC heap before
{Heap before GC invocations=14 (full 0):
 garbage-first heap   total 120832K, used 108249K [0x0000000080000000, 0x0000000100000000)
  region size 1024K, 68 young (69632K), 9 survivors (9216K)
 Metaspace       used 51906K, committed 53376K, reserved 491520K
  class space    used 7709K, committed 8384K, reserved 425984K
}
Event: 16.541 GC heap after
{Heap after GC invocations=15 (full 0):
 garbage-first heap   total 121856K, used 49475K [0x0000000080000000, 0x0000000100000000)
  region size 1024K, 3 young (3072K), 3 survivors (3072K)
 Metaspace       used 51906K, committed 53376K, reserved 491520K
  class space    used 7709K, committed 8384K, reserved 425984K
}
Event: 17.444 GC heap before
{Heap before GC invocations=15 (full 0):
 garbage-first heap   total 121856K, used 100675K [0x0000000080000000, 0x0000000100000000)
  region size 1024K, 54 young (55296K), 3 survivors (3072K)
 Metaspace       used 58677K, committed 60096K, reserved 491520K
  class space    used 8592K, committed 9280K, reserved 425984K
}
Event: 17.448 GC heap after
{Heap after GC invocations=16 (full 0):
 garbage-first heap   total 121856K, used 50176K [0x0000000080000000, 0x0000000100000000)
  region size 1024K, 3 young (3072K), 3 survivors (3072K)
 Metaspace       used 58677K, committed 60096K, reserved 491520K
  class space    used 8592K, committed 9280K, reserved 425984K
}
Event: 18.644 GC heap before
{Heap before GC invocations=17 (full 0):
 garbage-first heap   total 121856K, used 118784K [0x0000000080000000, 0x0000000100000000)
  region size 1024K, 63 young (64512K), 3 survivors (3072K)
 Metaspace       used 64838K, committed 66432K, reserved 491520K
  class space    used 9353K, committed 10048K, reserved 425984K
}
Event: 18.651 GC heap after
{Heap after GC invocations=18 (full 0):
 garbage-first heap   total 129024K, used 63522K [0x0000000080000000, 0x0000000100000000)
  region size 1024K, 8 young (8192K), 8 survivors (8192K)
 Metaspace       used 64838K, committed 66432K, reserved 491520K
  class space    used 9353K, committed 10048K, reserved 425984K
}
Event: 19.416 GC heap before
{Heap before GC invocations=18 (full 0):
 garbage-first heap   total 129024K, used 122914K [0x0000000080000000, 0x0000000100000000)
  region size 1024K, 59 young (60416K), 8 survivors (8192K)
 Metaspace       used 69283K, committed 70784K, reserved 491520K
  class space    used 9850K, committed 10560K, reserved 425984K
}
Event: 19.427 GC heap after
{Heap after GC invocations=19 (full 0):
 garbage-first heap   total 141312K, used 70415K [0x0000000080000000, 0x0000000100000000)
  region size 1024K, 8 young (8192K), 8 survivors (8192K)
 Metaspace       used 69283K, committed 70784K, reserved 491520K
  class space    used 9850K, committed 10560K, reserved 425984K
}
Event: 20.357 GC heap before
{Heap before GC invocations=19 (full 0):
 garbage-first heap   total 141312K, used 123663K [0x0000000080000000, 0x0000000100000000)
  region size 1024K, 60 young (61440K), 8 survivors (8192K)
 Metaspace       used 74993K, committed 76608K, reserved 557056K
  class space    used 10374K, committed 11136K, reserved 425984K
}
Event: 20.363 GC heap after
{Heap after GC invocations=20 (full 0):
 garbage-first heap   total 141312K, used 74649K [0x0000000080000000, 0x0000000100000000)
  region size 1024K, 5 young (5120K), 5 survivors (5120K)
 Metaspace       used 74993K, committed 76608K, reserved 557056K
  class space    used 10374K, committed 11136K, reserved 425984K
}
Event: 21.197 GC heap before
{Heap before GC invocations=20 (full 0):
 garbage-first heap   total 141312K, used 124825K [0x0000000080000000, 0x0000000100000000)
  region size 1024K, 54 young (55296K), 5 survivors (5120K)
 Metaspace       used 80471K, committed 82368K, reserved 557056K
  class space    used 11106K, committed 12032K, reserved 425984K
}
Event: 21.202 GC heap after
{Heap after GC invocations=21 (full 0):
 garbage-first heap   total 141312K, used 77770K [0x0000000080000000, 0x0000000100000000)
  region size 1024K, 4 young (4096K), 4 survivors (4096K)
 Metaspace       used 80471K, committed 82368K, reserved 557056K
  class space    used 11106K, committed 12032K, reserved 425984K
}
Event: 21.825 GC heap before
{Heap before GC invocations=22 (full 0):
 garbage-first heap   total 141312K, used 127946K [0x0000000080000000, 0x0000000100000000)
  region size 1024K, 52 young (53248K), 4 survivors (4096K)
 Metaspace       used 84268K, committed 86144K, reserved 557056K
  class space    used 11595K, committed 12480K, reserved 425984K
}
Event: 21.829 GC heap after
{Heap after GC invocations=23 (full 0):
 garbage-first heap   total 141312K, used 79702K [0x0000000080000000, 0x0000000100000000)
  region size 1024K, 6 young (6144K), 6 survivors (6144K)
 Metaspace       used 84268K, committed 86144K, reserved 557056K
  class space    used 11595K, committed 12480K, reserved 425984K
}
Event: 22.530 GC heap before
{Heap before GC invocations=23 (full 0):
 garbage-first heap   total 141312K, used 127830K [0x0000000080000000, 0x0000000100000000)
  region size 1024K, 53 young (54272K), 6 survivors (6144K)
 Metaspace       used 87083K, committed 88960K, reserved 557056K
  class space    used 11894K, committed 12800K, reserved 425984K
}
Event: 22.536 GC heap after
{Heap after GC invocations=24 (full 0):
 garbage-first heap   total 141312K, used 83719K [0x0000000080000000, 0x0000000100000000)
  region size 1024K, 7 young (7168K), 7 survivors (7168K)
 Metaspace       used 87083K, committed 88960K, reserved 557056K
  class space    used 11894K, committed 12800K, reserved 425984K
}
Event: 23.573 GC heap before
{Heap before GC invocations=24 (full 0):
 garbage-first heap   total 141312K, used 128775K [0x0000000080000000, 0x0000000100000000)
  region size 1024K, 51 young (52224K), 7 survivors (7168K)
 Metaspace       used 91828K, committed 93696K, reserved 557056K
  class space    used 12392K, committed 13312K, reserved 425984K
}
Event: 23.580 GC heap after
{Heap after GC invocations=25 (full 0):
 garbage-first heap   total 141312K, used 87309K [0x0000000080000000, 0x0000000100000000)
  region size 1024K, 4 young (4096K), 4 survivors (4096K)
 Metaspace       used 91828K, committed 93696K, reserved 557056K
  class space    used 12392K, committed 13312K, reserved 425984K
}

